current directory: /Users/ckuhlman/all-data-02/vt-materials/papers/y2024/swc-shell-programming-v02/cjk-github/shell-programming-course/.vendor/bundle/ruby/2.6.0/gems/unf_ext-0.0.9.1/ext/unf_ext
/System/Library/Frameworks/Ruby.framework/Versions/2.6/usr/bin/ruby -I /System/Library/Frameworks/Ruby.framework/Versions/2.6/usr/lib/ruby/2.6.0 -r ./siteconf20240507-4161-fuf6x9.rb extconf.rb
checking for -lstdc++... yes
creating Makefile

current directory: /Users/ckuhlman/all-data-02/vt-materials/papers/y2024/swc-shell-programming-v02/cjk-github/shell-programming-course/.vendor/bundle/ruby/2.6.0/gems/unf_ext-0.0.9.1/ext/unf_ext
make "DESTDIR=" clean
Makefile:175: warning: overriding commands for target `clean'
Makefile:175: warning: ignoring old commands for target `clean'
Makefile:182: warning: overriding commands for target `distclean'
Makefile:182: warning: ignoring old commands for target `distclean'
Makefile:190: warning: overriding commands for target `install-so'
Makefile:190: warning: ignoring old commands for target `install-so'
Makefile:200: warning: overriding commands for target `pre-install-rb-default'
Makefile:200: warning: ignoring old commands for target `pre-install-rb-default'
Makefile:202: warning: overriding commands for target `.sitearchdir.time'
Makefile:202: warning: ignoring old commands for target `.sitearchdir.time'
Makefile:212: warning: overriding commands for target `.cc.o'
Makefile:212: warning: ignoring old commands for target `.cc.o'
Makefile:216: warning: overriding commands for target `.cc.S'
Makefile:216: warning: ignoring old commands for target `.cc.S'
Makefile:220: warning: overriding commands for target `.mm.o'
Makefile:220: warning: ignoring old commands for target `.mm.o'
Makefile:224: warning: overriding commands for target `.mm.S'
Makefile:224: warning: ignoring old commands for target `.mm.S'
Makefile:228: warning: overriding commands for target `.cxx.o'
Makefile:228: warning: ignoring old commands for target `.cxx.o'
Makefile:232: warning: overriding commands for target `.cxx.S'
Makefile:232: warning: ignoring old commands for target `.cxx.S'
Makefile:236: warning: overriding commands for target `.cpp.o'
Makefile:236: warning: ignoring old commands for target `.cpp.o'
Makefile:240: warning: overriding commands for target `.cpp.S'
Makefile:240: warning: ignoring old commands for target `.cpp.S'
Makefile:244: warning: overriding commands for target `.c.o'
Makefile:244: warning: ignoring old commands for target `.c.o'
Makefile:248: warning: overriding commands for target `.c.S'
Makefile:248: warning: ignoring old commands for target `.c.S'
Makefile:252: warning: overriding commands for target `.m.o'
Makefile:252: warning: ignoring old commands for target `.m.o'
Makefile:256: warning: overriding commands for target `.m.S'
Makefile:256: warning: ignoring old commands for target `.m.S'
Makefile:260: warning: overriding commands for target `unf_ext.bundle'
Makefile:260: warning: ignoring old commands for target `unf_ext.bundle'

current directory: /Users/ckuhlman/all-data-02/vt-materials/papers/y2024/swc-shell-programming-v02/cjk-github/shell-programming-course/.vendor/bundle/ruby/2.6.0/gems/unf_ext-0.0.9.1/ext/unf_ext
make "DESTDIR="
Makefile:175: warning: overriding commands for target `clean'
Makefile:175: warning: ignoring old commands for target `clean'
Makefile:182: warning: overriding commands for target `distclean'
Makefile:182: warning: ignoring old commands for target `distclean'
Makefile:190: warning: overriding commands for target `install-so'
Makefile:190: warning: ignoring old commands for target `install-so'
Makefile:200: warning: overriding commands for target `pre-install-rb-default'
Makefile:200: warning: ignoring old commands for target `pre-install-rb-default'
Makefile:202: warning: overriding commands for target `.sitearchdir.time'
Makefile:202: warning: ignoring old commands for target `.sitearchdir.time'
Makefile:212: warning: overriding commands for target `.cc.o'
Makefile:212: warning: ignoring old commands for target `.cc.o'
Makefile:216: warning: overriding commands for target `.cc.S'
Makefile:216: warning: ignoring old commands for target `.cc.S'
Makefile:220: warning: overriding commands for target `.mm.o'
Makefile:220: warning: ignoring old commands for target `.mm.o'
Makefile:224: warning: overriding commands for target `.mm.S'
Makefile:224: warning: ignoring old commands for target `.mm.S'
Makefile:228: warning: overriding commands for target `.cxx.o'
Makefile:228: warning: ignoring old commands for target `.cxx.o'
Makefile:232: warning: overriding commands for target `.cxx.S'
Makefile:232: warning: ignoring old commands for target `.cxx.S'
Makefile:236: warning: overriding commands for target `.cpp.o'
Makefile:236: warning: ignoring old commands for target `.cpp.o'
Makefile:240: warning: overriding commands for target `.cpp.S'
Makefile:240: warning: ignoring old commands for target `.cpp.S'
Makefile:244: warning: overriding commands for target `.c.o'
Makefile:244: warning: ignoring old commands for target `.c.o'
Makefile:248: warning: overriding commands for target `.c.S'
Makefile:248: warning: ignoring old commands for target `.c.S'
Makefile:252: warning: overriding commands for target `.m.o'
Makefile:252: warning: ignoring old commands for target `.m.o'
Makefile:256: warning: overriding commands for target `.m.S'
Makefile:256: warning: ignoring old commands for target `.m.S'
Makefile:260: warning: overriding commands for target `unf_ext.bundle'
Makefile:260: warning: ignoring old commands for target `unf_ext.bundle'
compiling unf.cc
unf.cc:27:16: warning: '(' and '{' tokens introducing statement expression appear in different macro expansion contexts [-Wcompound-token-split-by-macro]
    FORM_NFD = rb_intern("nfd");
               ^~~~~~~~~~~~~~~~
/Library/Developer/CommandLineTools/SDKs/MacOSX.sdk/System/Library/Frameworks/Ruby.framework/Versions/2.6/usr/include/ruby-2.6.0/ruby/ruby.h:1826:23: note: expanded from macro 'rb_intern'
        __extension__ (RUBY_CONST_ID_CACHE((ID), (str))) : \
                      ^
unf.cc:27:16: note: '{' token is here
    FORM_NFD = rb_intern("nfd");
               ^~~~~~~~~~~~~~~~
/Library/Developer/CommandLineTools/SDKs/MacOSX.sdk/System/Library/Frameworks/Ruby.framework/Versions/2.6/usr/include/ruby-2.6.0/ruby/ruby.h:1826:24: note: expanded from macro 'rb_intern'
        __extension__ (RUBY_CONST_ID_CACHE((ID), (str))) : \
                       ^~~~~~~~~~~~~~~~~~~~~~~~~~~~~~~~
/Library/Developer/CommandLineTools/SDKs/MacOSX.sdk/System/Library/Frameworks/Ruby.framework/Versions/2.6/usr/include/ruby-2.6.0/ruby/ruby.h:1811:5: note: expanded from macro 'RUBY_CONST_ID_CACHE'
    {                                                   \
    ^
unf.cc:27:16: warning: '}' and ')' tokens terminating statement expression appear in different macro expansion contexts [-Wcompound-token-split-by-macro]
    FORM_NFD = rb_intern("nfd");
               ^~~~~~~~~~~~~~~~
/Library/Developer/CommandLineTools/SDKs/MacOSX.sdk/System/Library/Frameworks/Ruby.framework/Versions/2.6/usr/include/ruby-2.6.0/ruby/ruby.h:1826:24: note: expanded from macro 'rb_intern'
        __extension__ (RUBY_CONST_ID_CACHE((ID), (str))) : \
                       ^~~~~~~~~~~~~~~~~~~~~~~~~~~~~~~~
/Library/Developer/CommandLineTools/SDKs/MacOSX.sdk/System/Library/Frameworks/Ruby.framework/Versions/2.6/usr/include/ruby-2.6.0/ruby/ruby.h:1816:5: note: expanded from macro 'RUBY_CONST_ID_CACHE'
    }
    ^
unf.cc:27:16: note: ')' token is here
    FORM_NFD = rb_intern("nfd");
               ^~~~~~~~~~~~~~~~
/Library/Developer/CommandLineTools/SDKs/MacOSX.sdk/System/Library/Frameworks/Ruby.framework/Versions/2.6/usr/include/ruby-2.6.0/ruby/ruby.h:1826:56: note: expanded from macro 'rb_intern'
        __extension__ (RUBY_CONST_ID_CACHE((ID), (str))) : \
                                                       ^
unf.cc:28:16: warning: '(' and '{' tokens introducing statement expression appear in different macro expansion contexts [-Wcompound-token-split-by-macro]
    FORM_NFC = rb_intern("nfc");
               ^~~~~~~~~~~~~~~~
/Library/Developer/CommandLineTools/SDKs/MacOSX.sdk/System/Library/Frameworks/Ruby.framework/Versions/2.6/usr/include/ruby-2.6.0/ruby/ruby.h:1826:23: note: expanded from macro 'rb_intern'
        __extension__ (RUBY_CONST_ID_CACHE((ID), (str))) : \
                      ^
unf.cc:28:16: note: '{' token is here
    FORM_NFC = rb_intern("nfc");
               ^~~~~~~~~~~~~~~~
/Library/Developer/CommandLineTools/SDKs/MacOSX.sdk/System/Library/Frameworks/Ruby.framework/Versions/2.6/usr/include/ruby-2.6.0/ruby/ruby.h:1826:24: note: expanded from macro 'rb_intern'
        __extension__ (RUBY_CONST_ID_CACHE((ID), (str))) : \
                       ^~~~~~~~~~~~~~~~~~~~~~~~~~~~~~~~
/Library/Developer/CommandLineTools/SDKs/MacOSX.sdk/System/Library/Frameworks/Ruby.framework/Versions/2.6/usr/include/ruby-2.6.0/ruby/ruby.h:1811:5: note: expanded from macro 'RUBY_CONST_ID_CACHE'
    {                                                   \
    ^
unf.cc:28:16: warning: '}' and ')' tokens terminating statement expression appear in different macro expansion contexts [-Wcompound-token-split-by-macro]
    FORM_NFC = rb_intern("nfc");
               ^~~~~~~~~~~~~~~~
/Library/Developer/CommandLineTools/SDKs/MacOSX.sdk/System/Library/Frameworks/Ruby.framework/Versions/2.6/usr/include/ruby-2.6.0/ruby/ruby.h:1826:24: note: expanded from macro 'rb_intern'
        __extension__ (RUBY_CONST_ID_CACHE((ID), (str))) : \
                       ^~~~~~~~~~~~~~~~~~~~~~~~~~~~~~~~
/Library/Developer/CommandLineTools/SDKs/MacOSX.sdk/System/Library/Frameworks/Ruby.framework/Versions/2.6/usr/include/ruby-2.6.0/ruby/ruby.h:1816:5: note: expanded from macro 'RUBY_CONST_ID_CACHE'
    }
    ^
unf.cc:28:16: note: ')' token is here
    FORM_NFC = rb_intern("nfc");
               ^~~~~~~~~~~~~~~~
/Library/Developer/CommandLineTools/SDKs/MacOSX.sdk/System/Library/Frameworks/Ruby.framework/Versions/2.6/usr/include/ruby-2.6.0/ruby/ruby.h:1826:56: note: expanded from macro 'rb_intern'
        __extension__ (RUBY_CONST_ID_CACHE((ID), (str))) : \
                                                       ^
unf.cc:29:16: warning: '(' and '{' tokens introducing statement expression appear in different macro expansion contexts [-Wcompound-token-split-by-macro]
    FORM_NFKD= rb_intern("nfkd");
               ^~~~~~~~~~~~~~~~~
/Library/Developer/CommandLineTools/SDKs/MacOSX.sdk/System/Library/Frameworks/Ruby.framework/Versions/2.6/usr/include/ruby-2.6.0/ruby/ruby.h:1826:23: note: expanded from macro 'rb_intern'
        __extension__ (RUBY_CONST_ID_CACHE((ID), (str))) : \
                      ^
unf.cc:29:16: note: '{' token is here
    FORM_NFKD= rb_intern("nfkd");
               ^~~~~~~~~~~~~~~~~
/Library/Developer/CommandLineTools/SDKs/MacOSX.sdk/System/Library/Frameworks/Ruby.framework/Versions/2.6/usr/include/ruby-2.6.0/ruby/ruby.h:1826:24: note: expanded from macro 'rb_intern'
        __extension__ (RUBY_CONST_ID_CACHE((ID), (str))) : \
                       ^~~~~~~~~~~~~~~~~~~~~~~~~~~~~~~~
/Library/Developer/CommandLineTools/SDKs/MacOSX.sdk/System/Library/Frameworks/Ruby.framework/Versions/2.6/usr/include/ruby-2.6.0/ruby/ruby.h:1811:5: note: expanded from macro 'RUBY_CONST_ID_CACHE'
    {                                                   \
    ^
unf.cc:29:16: warning: '}' and ')' tokens terminating statement expression appear in different macro expansion contexts [-Wcompound-token-split-by-macro]
    FORM_NFKD= rb_intern("nfkd");
               ^~~~~~~~~~~~~~~~~
/Library/Developer/CommandLineTools/SDKs/MacOSX.sdk/System/Library/Frameworks/Ruby.framework/Versions/2.6/usr/include/ruby-2.6.0/ruby/ruby.h:1826:24: note: expanded from macro 'rb_intern'
        __extension__ (RUBY_CONST_ID_CACHE((ID), (str))) : \
                       ^~~~~~~~~~~~~~~~~~~~~~~~~~~~~~~~
/Library/Developer/CommandLineTools/SDKs/MacOSX.sdk/System/Library/Frameworks/Ruby.framework/Versions/2.6/usr/include/ruby-2.6.0/ruby/ruby.h:1816:5: note: expanded from macro 'RUBY_CONST_ID_CACHE'
    }
    ^
unf.cc:29:16: note: ')' token is here
    FORM_NFKD= rb_intern("nfkd");
               ^~~~~~~~~~~~~~~~~
/Library/Developer/CommandLineTools/SDKs/MacOSX.sdk/System/Library/Frameworks/Ruby.framework/Versions/2.6/usr/include/ruby-2.6.0/ruby/ruby.h:1826:56: note: expanded from macro 'rb_intern'
        __extension__ (RUBY_CONST_ID_CACHE((ID), (str))) : \
                                                       ^
unf.cc:30:16: warning: '(' and '{' tokens introducing statement expression appear in different macro expansion contexts [-Wcompound-token-split-by-macro]
    FORM_NFKC= rb_intern("nfkc");
               ^~~~~~~~~~~~~~~~~
/Library/Developer/CommandLineTools/SDKs/MacOSX.sdk/System/Library/Frameworks/Ruby.framework/Versions/2.6/usr/include/ruby-2.6.0/ruby/ruby.h:1826:23: note: expanded from macro 'rb_intern'
        __extension__ (RUBY_CONST_ID_CACHE((ID), (str))) : \
                      ^
unf.cc:30:16: note: '{' token is here
    FORM_NFKC= rb_intern("nfkc");
               ^~~~~~~~~~~~~~~~~
/Library/Developer/CommandLineTools/SDKs/MacOSX.sdk/System/Library/Frameworks/Ruby.framework/Versions/2.6/usr/include/ruby-2.6.0/ruby/ruby.h:1826:24: note: expanded from macro 'rb_intern'
        __extension__ (RUBY_CONST_ID_CACHE((ID), (str))) : \
                       ^~~~~~~~~~~~~~~~~~~~~~~~~~~~~~~~
/Library/Developer/CommandLineTools/SDKs/MacOSX.sdk/System/Library/Frameworks/Ruby.framework/Versions/2.6/usr/include/ruby-2.6.0/ruby/ruby.h:1811:5: note: expanded from macro 'RUBY_CONST_ID_CACHE'
    {                                                   \
    ^
unf.cc:30:16: warning: '}' and ')' tokens terminating statement expression appear in different macro expansion contexts [-Wcompound-token-split-by-macro]
    FORM_NFKC= rb_intern("nfkc");
               ^~~~~~~~~~~~~~~~~
/Library/Developer/CommandLineTools/SDKs/MacOSX.sdk/System/Library/Frameworks/Ruby.framework/Versions/2.6/usr/include/ruby-2.6.0/ruby/ruby.h:1826:24: note: expanded from macro 'rb_intern'
        __extension__ (RUBY_CONST_ID_CACHE((ID), (str))) : \
                       ^~~~~~~~~~~~~~~~~~~~~~~~~~~~~~~~
/Library/Developer/CommandLineTools/SDKs/MacOSX.sdk/System/Library/Frameworks/Ruby.framework/Versions/2.6/usr/include/ruby-2.6.0/ruby/ruby.h:1816:5: note: expanded from macro 'RUBY_CONST_ID_CACHE'
    }
    ^
unf.cc:30:16: note: ')' token is here
    FORM_NFKC= rb_intern("nfkc");
               ^~~~~~~~~~~~~~~~~
/Library/Developer/CommandLineTools/SDKs/MacOSX.sdk/System/Library/Frameworks/Ruby.framework/Versions/2.6/usr/include/ruby-2.6.0/ruby/ruby.h:1826:56: note: expanded from macro 'rb_intern'
        __extension__ (RUBY_CONST_ID_CACHE((ID), (str))) : \
                                                       ^
8 warnings generated.
linking shared-object unf_ext.bundle
ld: warning: ignoring duplicate libraries: '-lc++'
ld: warning: search path '/AppleInternal/Library/BuildRoots/ce725a5f-c761-11ee-a4ec-b6ef2fd8d87b/Applications/Xcode.app/Contents/Developer/Platforms/MacOSX.platform/Developer/SDKs/MacOSX14.4.Internal.sdk/usr/local/lib' not found

current directory: /Users/ckuhlman/all-data-02/vt-materials/papers/y2024/swc-shell-programming-v02/cjk-github/shell-programming-course/.vendor/bundle/ruby/2.6.0/gems/unf_ext-0.0.9.1/ext/unf_ext
make "DESTDIR=" install
Makefile:175: warning: overriding commands for target `clean'
Makefile:175: warning: ignoring old commands for target `clean'
Makefile:182: warning: overriding commands for target `distclean'
Makefile:182: warning: ignoring old commands for target `distclean'
Makefile:190: warning: overriding commands for target `install-so'
Makefile:190: warning: ignoring old commands for target `install-so'
Makefile:200: warning: overriding commands for target `pre-install-rb-default'
Makefile:200: warning: ignoring old commands for target `pre-install-rb-default'
Makefile:202: warning: overriding commands for target `.sitearchdir.time'
Makefile:202: warning: ignoring old commands for target `.sitearchdir.time'
Makefile:212: warning: overriding commands for target `.cc.o'
Makefile:212: warning: ignoring old commands for target `.cc.o'
Makefile:216: warning: overriding commands for target `.cc.S'
Makefile:216: warning: ignoring old commands for target `.cc.S'
Makefile:220: warning: overriding commands for target `.mm.o'
Makefile:220: warning: ignoring old commands for target `.mm.o'
Makefile:224: warning: overriding commands for target `.mm.S'
Makefile:224: warning: ignoring old commands for target `.mm.S'
Makefile:228: warning: overriding commands for target `.cxx.o'
Makefile:228: warning: ignoring old commands for target `.cxx.o'
Makefile:232: warning: overriding commands for target `.cxx.S'
Makefile:232: warning: ignoring old commands for target `.cxx.S'
Makefile:236: warning: overriding commands for target `.cpp.o'
Makefile:236: warning: ignoring old commands for target `.cpp.o'
Makefile:240: warning: overriding commands for target `.cpp.S'
Makefile:240: warning: ignoring old commands for target `.cpp.S'
Makefile:244: warning: overriding commands for target `.c.o'
Makefile:244: warning: ignoring old commands for target `.c.o'
Makefile:248: warning: overriding commands for target `.c.S'
Makefile:248: warning: ignoring old commands for target `.c.S'
Makefile:252: warning: overriding commands for target `.m.o'
Makefile:252: warning: ignoring old commands for target `.m.o'
Makefile:256: warning: overriding commands for target `.m.S'
Makefile:256: warning: ignoring old commands for target `.m.S'
Makefile:260: warning: overriding commands for target `unf_ext.bundle'
Makefile:260: warning: ignoring old commands for target `unf_ext.bundle'
/usr/bin/install -c -m 0755 unf_ext.bundle ./.gem.20240507-4161-1mwgj7m
